G:\AA_NIK\5. FÉLÉV\ABH 2\FéLéVES\ADATB-II-FELADAT\DLL\WIN32PROJECT2\WIN32PROJECT2\DEBUG\MYADD.OBJ
G:\AA_NIK\5. FÉLÉV\ABH 2\FÉLÉVES\ADATB-II-FELADAT\DLL\WIN32PROJECT2\WIN32PROJECT2\DEBUG\VC110.PDB
G:\AA_NIK\5. FÉLÉV\ABH 2\FéLéVES\ADATB-II-FELADAT\DLL\WIN32PROJECT2\DEBUG\WIN32PROJECT2.ILK
G:\AA_NIK\5. FÉLÉV\ABH 2\FéLéVES\ADATB-II-FELADAT\DLL\WIN32PROJECT2\DEBUG\WIN32PROJECT2.DLL
G:\AA_NIK\5. FÉLÉV\ABH 2\FÉLÉVES\ADATB-II-FELADAT\DLL\WIN32PROJECT2\DEBUG\WIN32PROJECT2.PDB
G:\AA_NIK\5. FÉLÉV\AbH 2\Féléves\AdatB-II-Feladat\DLL\Win32Project2\Debug\Win32Project2.lib
G:\AA_NIK\5. FÉLÉV\AbH 2\Féléves\AdatB-II-Feladat\DLL\Win32Project2\Debug\Win32Project2.exp
G:\AA_NIK\5. FÉLÉV\AbH 2\Féléves\AdatB-II-Feladat\DLL\Win32Project2\Win32Project2\Debug\myadd.obj
G:\AA_NIK\5. FÉLÉV\AbH 2\Féléves\AdatB-II-Feladat\DLL\Win32Project2\Win32Project2\Debug\cl.command.1.tlog
G:\AA_NIK\5. FÉLÉV\AbH 2\Féléves\AdatB-II-Feladat\DLL\Win32Project2\Win32Project2\Debug\CL.read.1.tlog
G:\AA_NIK\5. FÉLÉV\AbH 2\Féléves\AdatB-II-Feladat\DLL\Win32Project2\Win32Project2\Debug\CL.write.1.tlog
G:\AA_NIK\5. FÉLÉV\AbH 2\Féléves\AdatB-II-Feladat\DLL\Win32Project2\Win32Project2\Debug\link-cvtres.read.1.tlog
G:\AA_NIK\5. FÉLÉV\AbH 2\Féléves\AdatB-II-Feladat\DLL\Win32Project2\Win32Project2\Debug\link-cvtres.write.1.tlog
G:\AA_NIK\5. FÉLÉV\AbH 2\Féléves\AdatB-II-Feladat\DLL\Win32Project2\Win32Project2\Debug\link-rc.read.1.tlog
G:\AA_NIK\5. FÉLÉV\AbH 2\Féléves\AdatB-II-Feladat\DLL\Win32Project2\Win32Project2\Debug\link-rc.write.1.tlog
G:\AA_NIK\5. FÉLÉV\AbH 2\Féléves\AdatB-II-Feladat\DLL\Win32Project2\Win32Project2\Debug\link.command.1.tlog
G:\AA_NIK\5. FÉLÉV\AbH 2\Féléves\AdatB-II-Feladat\DLL\Win32Project2\Win32Project2\Debug\link.read.1.tlog
G:\AA_NIK\5. FÉLÉV\AbH 2\Féléves\AdatB-II-Feladat\DLL\Win32Project2\Win32Project2\Debug\link.write.1.tlog
G:\AA_NIK\5. FÉLÉV\AbH 2\Féléves\AdatB-II-Feladat\DLL\Win32Project2\Win32Project2\Debug\Win32Project2.write.1.tlog
G:\AA_NIK\5. FÉLÉV\AbH 2\Féléves\AdatB-II-Feladat\DLL\Win32Project2\Win32Project2\Debug\vc110.idb
G:\AA_NIK\5. FÉLÉV\AbH 2\Féléves\AdatB-II-Feladat\DLL\Win32Project2\Win32Project2\Debug\vc110.pdb
G:\AA_NIK\5. FÉLÉV\AbH 2\Féléves\AdatB-II-Feladat\DLL\Win32Project2\Debug\Win32Project2.pdb
G:\AA_NIK\5. FÉLÉV\AbH 2\Féléves\AdatB-II-Feladat\DLL\Win32Project2\Debug\Win32Project2.dll
G:\AA_NIK\5. FÉLÉV\AbH 2\Féléves\AdatB-II-Feladat\DLL\Win32Project2\Debug\Win32Project2.ilk
